Arguments: 
  C:\Program Files\nodejs\node.exe C:\Program Files (x86)\Yarn\bin\yarn.js install

PATH: 
  C:\Program Files\Git\mingw64\bin;C:\Program Files\Git\usr\bin;C:\Users\Lenovo\bin;C:\Python39\Scripts;C:\Python39;C:\Windows\system32;C:\Windows;C:\Windows\System32\Wbem;C:\Windows\System32\WindowsPowerShell\v1.0;C:\Windows\System32\OpenSSH;C:\Program Files (x86)\Skype\Phone;C:\Program Files\Git\cmd;C:\Program Files\nodejs;C:\ProgramData\chocolatey\bin;C:\Program Files (x86)\Yarn\bin;C:\Program Files (x86)\Brackets\command;C:\Ruby27-x64\bin;C:\RailsInstaller\Git\cmd;C:\RailsInstaller\Ruby2.3.3\bin;C:\Users\Lenovo\AppData\Local\Microsoft\WindowsApps;C:\Users\Lenovo\AppData\Local\Programs\Microsoft VS Code\bin;C:\Users\Lenovo\AppData\Roaming\npm;C:\Users\Lenovo\AppData\Local\Yarn\bin;C:\Program Files\heroku\bin

Yarn version: 
  1.22.5

Node version: 
  14.15.4

Platform: 
  win32 x64

Trace: 
  Error: https://registry.yarnpkg.com/rxjs/-/rxjs-6.6.6.tgz: ESOCKETTIMEDOUT
      at ClientRequest.<anonymous> (C:\Program Files (x86)\Yarn\lib\cli.js:141376:19)
      at Object.onceWrapper (events.js:421:28)
      at ClientRequest.emit (events.js:315:20)
      at TLSSocket.emitRequestTimeout (_http_client.js:784:9)
      at Object.onceWrapper (events.js:421:28)
      at TLSSocket.emit (events.js:327:22)
      at TLSSocket.Socket._onTimeout (net.js:483:8)
      at listOnTimeout (internal/timers.js:554:17)
      at processTimers (internal/timers.js:497:7)

npm manifest: 
  {
    "name": "restaurant_page",
    "version": "1.0.0",
    "description": "In this project we continue practicing DOM manipulation by dynamically rendering a simple restaurant homepage. By the end, we are going to be using JavaScript alone to generate the entire contents of the website!",
    "main": "index.js",
    "devDependencies": {
      "babel-eslint": "^10.1.0",
      "eslint": "^6.8.0",
      "eslint-config-airbnb-base": "^14.1.0",
      "eslint-plugin-import": "^2.20.2",
      "stylelint": "^13.3.3",
      "stylelint-csstree-validator": "^1.9.0",
      "stylelint-scss": "^3.17.2",
      "stylelint-config-standard": "^20.0.0",
      "css-loader": "^5.1.2",
      "file-loader": "^6.2.0",
      "style-loader": "^2.0.0",
      "webpack": "^5.24.4",
      "webpack-cli": "^4.5.0"
    },
    "scripts": {
      "test": "echo \"Error: no test specified\" && exit 1",
      "build": "webpack"
    },
    "repository": {
      "type": "git",
      "url": "git+https://github.com/Davidosky007/Restaurant_page.git"
    },
    "author": "David Bassey",
    "license": "ISC",
    "bugs": {
      "url": "https://github.com/Davidosky007/Restaurant_page/issues"
    },
    "homepage": "https://github.com/Davidosky007/Restaurant_page#readme"
  }

yarn manifest: 
  No manifest

Lockfile: 
  No lockfile
